2021/07/20 19:49:36 [emerg] 1#1: unknown directive "servidor" in /etc/nginx/conf.d/wordpress.conf:1
2021/07/20 19:49:37 [emerg] 1#1: unknown directive "servidor" in /etc/nginx/conf.d/wordpress.conf:1
2021/07/20 19:49:37 [emerg] 1#1: unknown directive "servidor" in /etc/nginx/conf.d/wordpress.conf:1
2021/07/20 19:49:38 [emerg] 1#1: unknown directive "servidor" in /etc/nginx/conf.d/wordpress.conf:1
2021/07/20 19:49:39 [emerg] 1#1: unknown directive "servidor" in /etc/nginx/conf.d/wordpress.conf:1
2021/07/20 19:49:41 [emerg] 1#1: unknown directive "servidor" in /etc/nginx/conf.d/wordpress.conf:1
2021/07/20 19:49:45 [emerg] 1#1: unknown directive "servidor" in /etc/nginx/conf.d/wordpress.conf:1
2021/07/20 19:49:51 [emerg] 1#1: unknown directive "servidor" in /etc/nginx/conf.d/wordpress.conf:1
2021/07/20 19:50:05 [emerg] 1#1: unknown directive "servidor" in /etc/nginx/conf.d/wordpress.conf:1
2021/07/20 19:50:31 [emerg] 1#1: unknown directive "servidor" in /etc/nginx/conf.d/wordpress.conf:1
2021/07/20 19:53:15 [notice] 1#1: using the "epoll" event method
2021/07/20 19:53:15 [notice] 1#1: nginx/1.21.1
2021/07/20 19:53:15 [notice] 1#1: built by gcc 8.3.0 (Debian 8.3.0-6) 
2021/07/20 19:53:15 [notice] 1#1: OS: Linux 5.8.0-59-generic
2021/07/20 19:53:15 [notice] 1#1: getrlimit(RLIMIT_NOFILE): 1048576:1048576
2021/07/20 19:53:15 [notice] 1#1: start worker processes
2021/07/20 19:53:15 [notice] 1#1: start worker process 22
2021/07/20 19:53:15 [notice] 1#1: start worker process 23
2021/07/20 19:53:15 [notice] 1#1: start worker process 24
2021/07/20 19:53:15 [notice] 1#1: start worker process 25
2021/07/20 19:53:15 [notice] 1#1: start worker process 26
2021/07/20 19:53:15 [notice] 1#1: start worker process 27
2021/07/20 19:53:15 [notice] 1#1: start worker process 28
2021/07/20 19:53:15 [notice] 1#1: start worker process 29
2021/07/20 21:15:22 [notice] 1#1: signal 3 (SIGQUIT) received, shutting down
2021/07/20 21:15:22 [notice] 22#22: gracefully shutting down
2021/07/20 21:15:22 [notice] 24#24: gracefully shutting down
2021/07/20 21:15:22 [notice] 22#22: exiting
2021/07/20 21:15:22 [notice] 26#26: gracefully shutting down
2021/07/20 21:15:22 [notice] 24#24: exiting
2021/07/20 21:15:22 [notice] 26#26: exiting
2021/07/20 21:15:22 [notice] 23#23: gracefully shutting down
2021/07/20 21:15:22 [notice] 25#25: gracefully shutting down
2021/07/20 21:15:22 [notice] 25#25: exiting
2021/07/20 21:15:22 [notice] 23#23: exiting
2021/07/20 21:15:22 [notice] 28#28: gracefully shutting down
2021/07/20 21:15:22 [notice] 28#28: exiting
2021/07/20 21:15:22 [notice] 22#22: exit
2021/07/20 21:15:22 [notice] 24#24: exit
2021/07/20 21:15:22 [notice] 28#28: exit
2021/07/20 21:15:22 [notice] 23#23: exit
2021/07/20 21:15:22 [notice] 25#25: exit
2021/07/20 21:15:22 [notice] 27#27: gracefully shutting down
2021/07/20 21:15:22 [notice] 26#26: exit
2021/07/20 21:15:22 [notice] 27#27: exiting
2021/07/20 21:15:22 [notice] 27#27: exit
2021/07/20 21:15:22 [notice] 29#29: gracefully shutting down
2021/07/20 21:15:22 [notice] 29#29: exiting
2021/07/20 21:15:22 [notice] 29#29: exit
2021/07/20 21:15:22 [notice] 1#1: signal 17 (SIGCHLD) received from 29
2021/07/20 21:15:22 [notice] 1#1: worker process 22 exited with code 0
2021/07/20 21:15:22 [notice] 1#1: worker process 26 exited with code 0
2021/07/20 21:15:22 [notice] 1#1: worker process 28 exited with code 0
2021/07/20 21:15:22 [notice] 1#1: worker process 29 exited with code 0
2021/07/20 21:15:22 [notice] 1#1: signal 29 (SIGIO) received
2021/07/20 21:15:22 [notice] 1#1: signal 17 (SIGCHLD) received from 28
2021/07/20 21:15:22 [notice] 1#1: signal 17 (SIGCHLD) received from 25
2021/07/20 21:15:22 [notice] 1#1: worker process 23 exited with code 0
2021/07/20 21:15:22 [notice] 1#1: worker process 25 exited with code 0
2021/07/20 21:15:22 [notice] 1#1: signal 29 (SIGIO) received
2021/07/20 21:15:22 [notice] 1#1: signal 17 (SIGCHLD) received from 23
2021/07/20 21:15:22 [notice] 1#1: signal 17 (SIGCHLD) received from 27
2021/07/20 21:15:22 [notice] 1#1: worker process 24 exited with code 0
2021/07/20 21:15:22 [notice] 1#1: worker process 27 exited with code 0
2021/07/20 21:15:22 [notice] 1#1: exit
2021/07/20 21:15:42 [notice] 1#1: using the "epoll" event method
2021/07/20 21:15:42 [notice] 1#1: nginx/1.21.1
2021/07/20 21:15:42 [notice] 1#1: built by gcc 8.3.0 (Debian 8.3.0-6) 
2021/07/20 21:15:42 [notice] 1#1: OS: Linux 5.8.0-59-generic
2021/07/20 21:15:42 [notice] 1#1: getrlimit(RLIMIT_NOFILE): 1048576:1048576
2021/07/20 21:15:42 [notice] 1#1: start worker processes
2021/07/20 21:15:42 [notice] 1#1: start worker process 22
2021/07/20 21:15:42 [notice] 1#1: start worker process 23
2021/07/20 21:15:42 [notice] 1#1: start worker process 24
2021/07/20 21:15:42 [notice] 1#1: start worker process 25
2021/07/20 21:15:42 [notice] 1#1: start worker process 26
2021/07/20 21:15:42 [notice] 1#1: start worker process 27
2021/07/20 21:15:42 [notice] 1#1: start worker process 28
2021/07/20 21:15:42 [notice] 1#1: start worker process 29
2021/07/20 21:16:05 [notice] 1#1: signal 3 (SIGQUIT) received, shutting down
2021/07/20 21:16:05 [notice] 25#25: gracefully shutting down
2021/07/20 21:16:05 [notice] 23#23: gracefully shutting down
2021/07/20 21:16:05 [notice] 28#28: gracefully shutting down
2021/07/20 21:16:05 [notice] 22#22: gracefully shutting down
2021/07/20 21:16:05 [notice] 29#29: gracefully shutting down
2021/07/20 21:16:05 [notice] 25#25: exiting
2021/07/20 21:16:05 [notice] 23#23: exiting
2021/07/20 21:16:05 [notice] 28#28: exiting
2021/07/20 21:16:05 [notice] 22#22: exiting
2021/07/20 21:16:05 [notice] 29#29: exiting
2021/07/20 21:16:05 [notice] 23#23: exit
2021/07/20 21:16:05 [notice] 25#25: exit
2021/07/20 21:16:05 [notice] 28#28: exit
2021/07/20 21:16:05 [notice] 22#22: exit
2021/07/20 21:16:05 [notice] 29#29: exit
2021/07/20 21:16:05 [notice] 26#26: gracefully shutting down
2021/07/20 21:16:05 [notice] 26#26: exiting
2021/07/20 21:16:05 [notice] 26#26: exit
2021/07/20 21:16:05 [notice] 24#24: gracefully shutting down
2021/07/20 21:16:05 [notice] 24#24: exiting
2021/07/20 21:16:05 [notice] 24#24: exit
2021/07/20 21:16:05 [notice] 27#27: gracefully shutting down
2021/07/20 21:16:05 [notice] 27#27: exiting
2021/07/20 21:16:05 [notice] 27#27: exit
2021/07/20 21:16:05 [notice] 1#1: signal 17 (SIGCHLD) received from 29
2021/07/20 21:16:05 [notice] 1#1: worker process 23 exited with code 0
2021/07/20 21:16:05 [notice] 1#1: worker process 29 exited with code 0
2021/07/20 21:16:05 [notice] 1#1: signal 29 (SIGIO) received
2021/07/20 21:16:05 [notice] 1#1: signal 17 (SIGCHLD) received from 26
2021/07/20 21:16:05 [notice] 1#1: worker process 24 exited with code 0
2021/07/20 21:16:05 [notice] 1#1: worker process 26 exited with code 0
2021/07/20 21:16:05 [notice] 1#1: signal 29 (SIGIO) received
2021/07/20 21:16:05 [notice] 1#1: signal 17 (SIGCHLD) received from 24
2021/07/20 21:16:05 [notice] 1#1: signal 17 (SIGCHLD) received from 22
2021/07/20 21:16:05 [notice] 1#1: worker process 22 exited with code 0
2021/07/20 21:16:05 [notice] 1#1: signal 29 (SIGIO) received
2021/07/20 21:16:05 [notice] 1#1: signal 17 (SIGCHLD) received from 25
2021/07/20 21:16:05 [notice] 1#1: worker process 25 exited with code 0
2021/07/20 21:16:05 [notice] 1#1: signal 17 (SIGCHLD) received from 28
2021/07/20 21:16:05 [notice] 1#1: worker process 28 exited with code 0
2021/07/20 21:16:05 [notice] 1#1: signal 29 (SIGIO) received
2021/07/20 21:16:05 [notice] 1#1: signal 29 (SIGIO) received
2021/07/20 21:16:05 [notice] 1#1: signal 17 (SIGCHLD) received from 27
2021/07/20 21:16:05 [notice] 1#1: worker process 27 exited with code 0
2021/07/20 21:16:05 [notice] 1#1: exit
2021/07/20 21:16:21 [notice] 1#1: using the "epoll" event method
2021/07/20 21:16:21 [notice] 1#1: nginx/1.21.1
2021/07/20 21:16:21 [notice] 1#1: built by gcc 8.3.0 (Debian 8.3.0-6) 
2021/07/20 21:16:21 [notice] 1#1: OS: Linux 5.8.0-59-generic
2021/07/20 21:16:21 [notice] 1#1: getrlimit(RLIMIT_NOFILE): 1048576:1048576
2021/07/20 21:16:21 [notice] 1#1: start worker processes
2021/07/20 21:16:21 [notice] 1#1: start worker process 22
2021/07/20 21:16:21 [notice] 1#1: start worker process 23
2021/07/20 21:16:21 [notice] 1#1: start worker process 24
2021/07/20 21:16:21 [notice] 1#1: start worker process 25
2021/07/20 21:16:21 [notice] 1#1: start worker process 26
2021/07/20 21:16:21 [notice] 1#1: start worker process 27
2021/07/20 21:16:21 [notice] 1#1: start worker process 28
2021/07/20 21:16:21 [notice] 1#1: start worker process 29
2021/07/20 21:16:35 [notice] 1#1: signal 3 (SIGQUIT) received, shutting down
2021/07/20 21:16:35 [notice] 22#22: gracefully shutting down
2021/07/20 21:16:35 [notice] 26#26: gracefully shutting down
2021/07/20 21:16:35 [notice] 27#27: gracefully shutting down
2021/07/20 21:16:35 [notice] 28#28: gracefully shutting down
2021/07/20 21:16:35 [notice] 22#22: exiting
2021/07/20 21:16:35 [notice] 26#26: exiting
2021/07/20 21:16:35 [notice] 23#23: gracefully shutting down
2021/07/20 21:16:35 [notice] 27#27: exiting
2021/07/20 21:16:35 [notice] 28#28: exiting
2021/07/20 21:16:35 [notice] 23#23: exiting
2021/07/20 21:16:35 [notice] 22#22: exit
2021/07/20 21:16:35 [notice] 27#27: exit
2021/07/20 21:16:35 [notice] 26#26: exit
2021/07/20 21:16:35 [notice] 28#28: exit
2021/07/20 21:16:35 [notice] 23#23: exit
2021/07/20 21:16:35 [notice] 29#29: gracefully shutting down
2021/07/20 21:16:35 [notice] 29#29: exiting
2021/07/20 21:16:35 [notice] 29#29: exit
2021/07/20 21:16:35 [notice] 24#24: gracefully shutting down
2021/07/20 21:16:35 [notice] 25#25: gracefully shutting down
2021/07/20 21:16:35 [notice] 24#24: exiting
2021/07/20 21:16:35 [notice] 25#25: exiting
2021/07/20 21:16:35 [notice] 24#24: exit
2021/07/20 21:16:35 [notice] 25#25: exit
2021/07/20 21:16:35 [notice] 1#1: signal 17 (SIGCHLD) received from 24
2021/07/20 21:16:35 [notice] 1#1: worker process 24 exited with code 0
2021/07/20 21:16:35 [notice] 1#1: signal 29 (SIGIO) received
2021/07/20 21:16:35 [notice] 1#1: signal 17 (SIGCHLD) received from 27
2021/07/20 21:16:35 [notice] 1#1: worker process 27 exited with code 0
2021/07/20 21:16:35 [notice] 1#1: worker process 22 exited with code 0
2021/07/20 21:16:35 [notice] 1#1: signal 29 (SIGIO) received
2021/07/20 21:16:35 [notice] 1#1: signal 17 (SIGCHLD) received from 22
2021/07/20 21:16:35 [notice] 1#1: signal 17 (SIGCHLD) received from 28
2021/07/20 21:16:35 [notice] 1#1: worker process 28 exited with code 0
2021/07/20 21:16:35 [notice] 1#1: signal 29 (SIGIO) received
2021/07/20 21:16:35 [notice] 1#1: signal 17 (SIGCHLD) received from 29
2021/07/20 21:16:35 [notice] 1#1: worker process 29 exited with code 0
2021/07/20 21:16:35 [notice] 1#1: signal 29 (SIGIO) received
2021/07/20 21:16:35 [notice] 1#1: signal 17 (SIGCHLD) received from 23
2021/07/20 21:16:35 [notice] 1#1: worker process 23 exited with code 0
2021/07/20 21:16:35 [notice] 1#1: signal 29 (SIGIO) received
2021/07/20 21:16:35 [notice] 1#1: signal 17 (SIGCHLD) received from 26
2021/07/20 21:16:35 [notice] 1#1: worker process 26 exited with code 0
2021/07/20 21:16:35 [notice] 1#1: signal 29 (SIGIO) received
2021/07/20 21:16:35 [notice] 1#1: signal 17 (SIGCHLD) received from 25
2021/07/20 21:16:35 [notice] 1#1: worker process 25 exited with code 0
2021/07/20 21:16:35 [notice] 1#1: exit
2021/07/20 21:18:27 [notice] 1#1: using the "epoll" event method
2021/07/20 21:18:27 [notice] 1#1: nginx/1.21.1
2021/07/20 21:18:27 [notice] 1#1: built by gcc 8.3.0 (Debian 8.3.0-6) 
2021/07/20 21:18:27 [notice] 1#1: OS: Linux 5.8.0-59-generic
2021/07/20 21:18:27 [notice] 1#1: getrlimit(RLIMIT_NOFILE): 1048576:1048576
2021/07/20 21:18:27 [notice] 1#1: start worker processes
2021/07/20 21:18:27 [notice] 1#1: start worker process 22
2021/07/20 21:18:27 [notice] 1#1: start worker process 23
2021/07/20 21:18:27 [notice] 1#1: start worker process 24
2021/07/20 21:18:27 [notice] 1#1: start worker process 25
2021/07/20 21:18:27 [notice] 1#1: start worker process 26
2021/07/20 21:18:27 [notice] 1#1: start worker process 27
2021/07/20 21:18:27 [notice] 1#1: start worker process 28
2021/07/20 21:18:27 [notice] 1#1: start worker process 29
2021/07/21 12:19:26 [notice] 1#1: signal 3 (SIGQUIT) received, shutting down
2021/07/21 12:19:26 [notice] 23#23: gracefully shutting down
2021/07/21 12:19:26 [notice] 24#24: gracefully shutting down
2021/07/21 12:19:26 [notice] 25#25: gracefully shutting down
2021/07/21 12:19:26 [notice] 26#26: gracefully shutting down
2021/07/21 12:19:26 [notice] 27#27: gracefully shutting down
2021/07/21 12:19:26 [notice] 24#24: exiting
2021/07/21 12:19:26 [notice] 23#23: exiting
2021/07/21 12:19:26 [notice] 25#25: exiting
2021/07/21 12:19:26 [notice] 26#26: exiting
2021/07/21 12:19:26 [notice] 27#27: exiting
2021/07/21 12:19:26 [notice] 29#29: gracefully shutting down
2021/07/21 12:19:26 [notice] 28#28: gracefully shutting down
2021/07/21 12:19:26 [notice] 29#29: exiting
2021/07/21 12:19:26 [notice] 22#22: gracefully shutting down
2021/07/21 12:19:26 [notice] 28#28: exiting
2021/07/21 12:19:26 [notice] 22#22: exiting
2021/07/21 12:19:26 [notice] 23#23: exit
2021/07/21 12:19:26 [notice] 28#28: exit
2021/07/21 12:19:26 [notice] 24#24: exit
2021/07/21 12:19:26 [notice] 26#26: exit
2021/07/21 12:19:26 [notice] 25#25: exit
2021/07/21 12:19:26 [notice] 22#22: exit
2021/07/21 12:19:26 [notice] 29#29: exit
2021/07/21 12:19:26 [notice] 27#27: exit
2021/07/21 12:19:26 [notice] 1#1: signal 17 (SIGCHLD) received from 25
2021/07/21 12:19:26 [notice] 1#1: worker process 25 exited with code 0
2021/07/21 12:19:26 [notice] 1#1: worker process 26 exited with code 0
2021/07/21 12:19:26 [notice] 1#1: worker process 28 exited with code 0
2021/07/21 12:19:26 [notice] 1#1: worker process 29 exited with code 0
2021/07/21 12:19:26 [notice] 1#1: signal 29 (SIGIO) received
2021/07/21 12:19:26 [notice] 1#1: signal 17 (SIGCHLD) received from 29
2021/07/21 12:19:26 [notice] 1#1: signal 17 (SIGCHLD) received from 22
2021/07/21 12:19:26 [notice] 1#1: worker process 22 exited with code 0
2021/07/21 12:19:26 [notice] 1#1: worker process 24 exited with code 0
2021/07/21 12:19:26 [notice] 1#1: worker process 27 exited with code 0
2021/07/21 12:19:26 [notice] 1#1: signal 29 (SIGIO) received
2021/07/21 12:19:26 [notice] 1#1: signal 17 (SIGCHLD) received from 23
2021/07/21 12:19:26 [notice] 1#1: worker process 23 exited with code 0
2021/07/21 12:19:26 [notice] 1#1: exit
2021/07/21 12:19:40 [notice] 1#1: using the "epoll" event method
2021/07/21 12:19:40 [notice] 1#1: nginx/1.21.1
2021/07/21 12:19:40 [notice] 1#1: built by gcc 8.3.0 (Debian 8.3.0-6) 
2021/07/21 12:19:40 [notice] 1#1: OS: Linux 5.8.0-59-generic
2021/07/21 12:19:40 [notice] 1#1: getrlimit(RLIMIT_NOFILE): 1048576:1048576
2021/07/21 12:19:40 [notice] 1#1: start worker processes
2021/07/21 12:19:40 [notice] 1#1: start worker process 22
2021/07/21 12:19:40 [notice] 1#1: start worker process 23
2021/07/21 12:19:40 [notice] 1#1: start worker process 24
2021/07/21 12:19:40 [notice] 1#1: start worker process 25
2021/07/21 12:19:40 [notice] 1#1: start worker process 26
2021/07/21 12:19:40 [notice] 1#1: start worker process 27
2021/07/21 12:19:40 [notice] 1#1: start worker process 28
2021/07/21 12:19:40 [notice] 1#1: start worker process 29
2021/07/21 12:24:49 [notice] 1#1: signal 3 (SIGQUIT) received, shutting down
2021/07/21 12:24:49 [notice] 22#22: gracefully shutting down
2021/07/21 12:24:49 [notice] 22#22: exiting
2021/07/21 12:24:49 [notice] 24#24: gracefully shutting down
2021/07/21 12:24:49 [notice] 29#29: gracefully shutting down
2021/07/21 12:24:49 [notice] 24#24: exiting
2021/07/21 12:24:49 [notice] 29#29: exiting
2021/07/21 12:24:49 [notice] 22#22: exit
2021/07/21 12:24:49 [notice] 24#24: exit
2021/07/21 12:24:49 [notice] 29#29: exit
2021/07/21 12:24:49 [notice] 23#23: gracefully shutting down
2021/07/21 12:24:49 [notice] 23#23: exiting
2021/07/21 12:24:49 [notice] 23#23: exit
2021/07/21 12:24:49 [notice] 25#25: gracefully shutting down
2021/07/21 12:24:49 [notice] 25#25: exiting
2021/07/21 12:24:49 [notice] 25#25: exit
2021/07/21 12:24:49 [notice] 26#26: gracefully shutting down
2021/07/21 12:24:49 [notice] 26#26: exiting
2021/07/21 12:24:49 [notice] 26#26: exit
2021/07/21 12:24:49 [notice] 28#28: gracefully shutting down
2021/07/21 12:24:49 [notice] 28#28: exiting
2021/07/21 12:24:49 [notice] 28#28: exit
2021/07/21 12:24:49 [notice] 27#27: gracefully shutting down
2021/07/21 12:24:49 [notice] 27#27: exiting
2021/07/21 12:24:49 [notice] 27#27: exit
2021/07/21 12:24:49 [notice] 1#1: signal 17 (SIGCHLD) received from 22
2021/07/21 12:24:49 [notice] 1#1: worker process 22 exited with code 0
2021/07/21 12:24:49 [notice] 1#1: worker process 24 exited with code 0
2021/07/21 12:24:49 [notice] 1#1: signal 29 (SIGIO) received
2021/07/21 12:24:49 [notice] 1#1: signal 17 (SIGCHLD) received from 24
2021/07/21 12:24:49 [notice] 1#1: worker process 23 exited with code 0
2021/07/21 12:24:49 [notice] 1#1: signal 29 (SIGIO) received
2021/07/21 12:24:49 [notice] 1#1: signal 17 (SIGCHLD) received from 25
2021/07/21 12:24:49 [notice] 1#1: worker process 25 exited with code 0
2021/07/21 12:24:49 [notice] 1#1: worker process 26 exited with code 0
2021/07/21 12:24:49 [notice] 1#1: worker process 28 exited with code 0
2021/07/21 12:24:49 [notice] 1#1: signal 29 (SIGIO) received
2021/07/21 12:24:49 [notice] 1#1: signal 17 (SIGCHLD) received from 26
2021/07/21 12:24:49 [notice] 1#1: signal 17 (SIGCHLD) received from 27
2021/07/21 12:24:49 [notice] 1#1: worker process 27 exited with code 0
2021/07/21 12:24:49 [notice] 1#1: signal 29 (SIGIO) received
2021/07/21 12:24:49 [notice] 1#1: signal 17 (SIGCHLD) received from 29
2021/07/21 12:24:49 [notice] 1#1: worker process 29 exited with code 0
2021/07/21 12:24:49 [notice] 1#1: exit
2021/07/21 12:29:38 [notice] 1#1: using the "epoll" event method
2021/07/21 12:29:38 [notice] 1#1: nginx/1.21.1
2021/07/21 12:29:38 [notice] 1#1: built by gcc 8.3.0 (Debian 8.3.0-6) 
2021/07/21 12:29:38 [notice] 1#1: OS: Linux 5.8.0-59-generic
2021/07/21 12:29:38 [notice] 1#1: getrlimit(RLIMIT_NOFILE): 1048576:1048576
2021/07/21 12:29:38 [notice] 1#1: start worker processes
2021/07/21 12:29:38 [notice] 1#1: start worker process 23
2021/07/21 12:29:38 [notice] 1#1: start worker process 24
2021/07/21 12:29:38 [notice] 1#1: start worker process 25
2021/07/21 12:29:38 [notice] 1#1: start worker process 26
2021/07/21 12:29:38 [notice] 1#1: start worker process 27
2021/07/21 12:29:38 [notice] 1#1: start worker process 28
2021/07/21 12:29:38 [notice] 1#1: start worker process 29
2021/07/21 12:29:38 [notice] 1#1: start worker process 30
2021/07/21 12:35:37 [notice] 1#1: signal 3 (SIGQUIT) received, shutting down
2021/07/21 12:35:37 [notice] 23#23: gracefully shutting down
2021/07/21 12:35:37 [notice] 25#25: gracefully shutting down
2021/07/21 12:35:37 [notice] 26#26: gracefully shutting down
2021/07/21 12:35:37 [notice] 27#27: gracefully shutting down
2021/07/21 12:35:37 [notice] 28#28: gracefully shutting down
2021/07/21 12:35:37 [notice] 24#24: gracefully shutting down
2021/07/21 12:35:37 [notice] 23#23: exiting
2021/07/21 12:35:37 [notice] 26#26: exiting
2021/07/21 12:35:37 [notice] 25#25: exiting
2021/07/21 12:35:37 [notice] 27#27: exiting
2021/07/21 12:35:37 [notice] 28#28: exiting
2021/07/21 12:35:37 [notice] 24#24: exiting
2021/07/21 12:35:37 [notice] 25#25: exit
2021/07/21 12:35:37 [notice] 23#23: exit
2021/07/21 12:35:37 [notice] 27#27: exit
2021/07/21 12:35:37 [notice] 26#26: exit
2021/07/21 12:35:37 [notice] 28#28: exit
2021/07/21 12:35:37 [notice] 24#24: exit
2021/07/21 12:35:37 [notice] 29#29: gracefully shutting down
2021/07/21 12:35:37 [notice] 29#29: exiting
2021/07/21 12:35:37 [notice] 29#29: exit
2021/07/21 12:35:37 [notice] 30#30: gracefully shutting down
2021/07/21 12:35:37 [notice] 30#30: exiting
2021/07/21 12:35:37 [notice] 30#30: exit
2021/07/21 12:35:37 [notice] 1#1: signal 17 (SIGCHLD) received from 24
2021/07/21 12:35:37 [notice] 1#1: worker process 23 exited with code 0
2021/07/21 12:35:37 [notice] 1#1: worker process 24 exited with code 0
2021/07/21 12:35:37 [notice] 1#1: worker process 27 exited with code 0
2021/07/21 12:35:37 [notice] 1#1: worker process 29 exited with code 0
2021/07/21 12:35:37 [notice] 1#1: signal 29 (SIGIO) received
2021/07/21 12:35:37 [notice] 1#1: signal 17 (SIGCHLD) received from 27
2021/07/21 12:35:37 [notice] 1#1: signal 17 (SIGCHLD) received from 26
2021/07/21 12:35:37 [notice] 1#1: worker process 26 exited with code 0
2021/07/21 12:35:37 [notice] 1#1: worker process 30 exited with code 0
2021/07/21 12:35:37 [notice] 1#1: signal 29 (SIGIO) received
2021/07/21 12:35:37 [notice] 1#1: signal 17 (SIGCHLD) received from 30
2021/07/21 12:35:37 [notice] 1#1: signal 17 (SIGCHLD) received from 25
2021/07/21 12:35:37 [notice] 1#1: worker process 25 exited with code 0
2021/07/21 12:35:37 [notice] 1#1: signal 29 (SIGIO) received
2021/07/21 12:35:37 [notice] 1#1: signal 17 (SIGCHLD) received from 28
2021/07/21 12:35:37 [notice] 1#1: worker process 28 exited with code 0
2021/07/21 12:35:37 [notice] 1#1: exit
2021/07/21 12:36:10 [notice] 1#1: using the "epoll" event method
2021/07/21 12:36:10 [notice] 1#1: nginx/1.21.1
2021/07/21 12:36:10 [notice] 1#1: built by gcc 8.3.0 (Debian 8.3.0-6) 
2021/07/21 12:36:10 [notice] 1#1: OS: Linux 5.8.0-59-generic
2021/07/21 12:36:10 [notice] 1#1: getrlimit(RLIMIT_NOFILE): 1048576:1048576
2021/07/21 12:36:10 [notice] 1#1: start worker processes
2021/07/21 12:36:10 [notice] 1#1: start worker process 22
2021/07/21 12:36:10 [notice] 1#1: start worker process 23
2021/07/21 12:36:10 [notice] 1#1: start worker process 24
2021/07/21 12:36:10 [notice] 1#1: start worker process 25
2021/07/21 12:36:10 [notice] 1#1: start worker process 26
2021/07/21 12:36:10 [notice] 1#1: start worker process 27
2021/07/21 12:36:10 [notice] 1#1: start worker process 28
2021/07/21 12:36:10 [notice] 1#1: start worker process 29
2021/07/21 12:38:13 [notice] 1#1: signal 3 (SIGQUIT) received, shutting down
2021/07/21 12:38:13 [notice] 24#24: gracefully shutting down
2021/07/21 12:38:13 [notice] 29#29: gracefully shutting down
2021/07/21 12:38:13 [notice] 24#24: exiting
2021/07/21 12:38:13 [notice] 29#29: exiting
2021/07/21 12:38:13 [notice] 24#24: exit
2021/07/21 12:38:13 [notice] 29#29: exit
2021/07/21 12:38:13 [notice] 22#22: gracefully shutting down
2021/07/21 12:38:13 [notice] 22#22: exiting
2021/07/21 12:38:13 [notice] 22#22: exit
2021/07/21 12:38:13 [notice] 26#26: gracefully shutting down
2021/07/21 12:38:13 [notice] 26#26: exiting
2021/07/21 12:38:13 [notice] 26#26: exit
2021/07/21 12:38:13 [notice] 23#23: gracefully shutting down
2021/07/21 12:38:13 [notice] 23#23: exiting
2021/07/21 12:38:13 [notice] 23#23: exit
2021/07/21 12:38:13 [notice] 27#27: gracefully shutting down
2021/07/21 12:38:13 [notice] 27#27: exiting
2021/07/21 12:38:13 [notice] 27#27: exit
2021/07/21 12:38:13 [notice] 25#25: gracefully shutting down
2021/07/21 12:38:13 [notice] 25#25: exiting
2021/07/21 12:38:13 [notice] 25#25: exit
2021/07/21 12:38:13 [notice] 28#28: gracefully shutting down
2021/07/21 12:38:13 [notice] 28#28: exiting
2021/07/21 12:38:13 [notice] 28#28: exit
2021/07/21 12:38:13 [notice] 1#1: signal 17 (SIGCHLD) received from 27
2021/07/21 12:38:13 [notice] 1#1: worker process 27 exited with code 0
2021/07/21 12:38:13 [notice] 1#1: worker process 28 exited with code 0
2021/07/21 12:38:13 [notice] 1#1: worker process 29 exited with code 0
2021/07/21 12:38:13 [notice] 1#1: signal 29 (SIGIO) received
2021/07/21 12:38:13 [notice] 1#1: signal 17 (SIGCHLD) received from 29
2021/07/21 12:38:13 [notice] 1#1: signal 17 (SIGCHLD) received from 24
2021/07/21 12:38:13 [notice] 1#1: worker process 24 exited with code 0
2021/07/21 12:38:13 [notice] 1#1: signal 29 (SIGIO) received
2021/07/21 12:38:13 [notice] 1#1: signal 17 (SIGCHLD) received from 26
2021/07/21 12:38:13 [notice] 1#1: worker process 26 exited with code 0
2021/07/21 12:38:13 [notice] 1#1: signal 29 (SIGIO) received
2021/07/21 12:38:13 [notice] 1#1: signal 17 (SIGCHLD) received from 22
2021/07/21 12:38:13 [notice] 1#1: worker process 22 exited with code 0
2021/07/21 12:38:13 [notice] 1#1: worker process 25 exited with code 0
2021/07/21 12:38:13 [notice] 1#1: signal 29 (SIGIO) received
2021/07/21 12:38:13 [notice] 1#1: signal 17 (SIGCHLD) received from 25
2021/07/21 12:38:13 [notice] 1#1: signal 17 (SIGCHLD) received from 23
2021/07/21 12:38:13 [notice] 1#1: worker process 23 exited with code 0
2021/07/21 12:38:13 [notice] 1#1: exit
2021/07/21 12:38:18 [notice] 1#1: using the "epoll" event method
2021/07/21 12:38:18 [notice] 1#1: nginx/1.21.1
2021/07/21 12:38:18 [notice] 1#1: built by gcc 8.3.0 (Debian 8.3.0-6) 
2021/07/21 12:38:18 [notice] 1#1: OS: Linux 5.8.0-59-generic
2021/07/21 12:38:18 [notice] 1#1: getrlimit(RLIMIT_NOFILE): 1048576:1048576
2021/07/21 12:38:18 [notice] 1#1: start worker processes
2021/07/21 12:38:18 [notice] 1#1: start worker process 22
2021/07/21 12:38:18 [notice] 1#1: start worker process 23
2021/07/21 12:38:18 [notice] 1#1: start worker process 24
2021/07/21 12:38:18 [notice] 1#1: start worker process 25
2021/07/21 12:38:18 [notice] 1#1: start worker process 26
2021/07/21 12:38:18 [notice] 1#1: start worker process 27
2021/07/21 12:38:18 [notice] 1#1: start worker process 28
2021/07/21 12:38:18 [notice] 1#1: start worker process 29
2021/07/21 12:38:58 [notice] 1#1: signal 3 (SIGQUIT) received, shutting down
2021/07/21 12:38:58 [notice] 23#23: gracefully shutting down
2021/07/21 12:38:58 [notice] 22#22: gracefully shutting down
2021/07/21 12:38:58 [notice] 25#25: gracefully shutting down
2021/07/21 12:38:58 [notice] 23#23: exiting
2021/07/21 12:38:58 [notice] 24#24: gracefully shutting down
2021/07/21 12:38:58 [notice] 22#22: exiting
2021/07/21 12:38:58 [notice] 25#25: exiting
2021/07/21 12:38:58 [notice] 24#24: exiting
2021/07/21 12:38:58 [notice] 27#27: gracefully shutting down
2021/07/21 12:38:58 [notice] 27#27: exiting
2021/07/21 12:38:58 [notice] 23#23: exit
2021/07/21 12:38:58 [notice] 22#22: exit
2021/07/21 12:38:58 [notice] 25#25: exit
2021/07/21 12:38:58 [notice] 24#24: exit
2021/07/21 12:38:58 [notice] 27#27: exit
2021/07/21 12:38:58 [notice] 28#28: gracefully shutting down
2021/07/21 12:38:58 [notice] 28#28: exiting
2021/07/21 12:38:58 [notice] 28#28: exit
2021/07/21 12:38:58 [notice] 26#26: gracefully shutting down
2021/07/21 12:38:58 [notice] 26#26: exiting
2021/07/21 12:38:58 [notice] 26#26: exit
2021/07/21 12:38:58 [notice] 29#29: gracefully shutting down
2021/07/21 12:38:58 [notice] 29#29: exiting
2021/07/21 12:38:58 [notice] 29#29: exit
2021/07/21 12:38:58 [notice] 1#1: signal 17 (SIGCHLD) received from 26
2021/07/21 12:38:58 [notice] 1#1: worker process 23 exited with code 0
2021/07/21 12:38:58 [notice] 1#1: worker process 24 exited with code 0
2021/07/21 12:38:58 [notice] 1#1: worker process 26 exited with code 0
2021/07/21 12:38:58 [notice] 1#1: signal 29 (SIGIO) received
2021/07/21 12:38:58 [notice] 1#1: signal 17 (SIGCHLD) received from 24
2021/07/21 12:38:58 [notice] 1#1: signal 17 (SIGCHLD) received from 27
2021/07/21 12:38:58 [notice] 1#1: worker process 27 exited with code 0
2021/07/21 12:38:58 [notice] 1#1: signal 29 (SIGIO) received
2021/07/21 12:38:58 [notice] 1#1: signal 17 (SIGCHLD) received from 22
2021/07/21 12:38:58 [notice] 1#1: worker process 22 exited with code 0
2021/07/21 12:38:58 [notice] 1#1: signal 29 (SIGIO) received
2021/07/21 12:38:58 [notice] 1#1: signal 17 (SIGCHLD) received from 25
2021/07/21 12:38:58 [notice] 1#1: worker process 25 exited with code 0
2021/07/21 12:38:58 [notice] 1#1: signal 29 (SIGIO) received
2021/07/21 12:38:58 [notice] 1#1: signal 17 (SIGCHLD) received from 29
2021/07/21 12:38:58 [notice] 1#1: worker process 29 exited with code 0
2021/07/21 12:38:58 [notice] 1#1: signal 29 (SIGIO) received
2021/07/21 12:38:58 [notice] 1#1: signal 17 (SIGCHLD) received from 28
2021/07/21 12:38:58 [notice] 1#1: worker process 28 exited with code 0
2021/07/21 12:38:58 [notice] 1#1: exit
2021/07/21 12:39:02 [notice] 1#1: using the "epoll" event method
2021/07/21 12:39:02 [notice] 1#1: nginx/1.21.1
2021/07/21 12:39:02 [notice] 1#1: built by gcc 8.3.0 (Debian 8.3.0-6) 
2021/07/21 12:39:02 [notice] 1#1: OS: Linux 5.8.0-59-generic
2021/07/21 12:39:02 [notice] 1#1: getrlimit(RLIMIT_NOFILE): 1048576:1048576
2021/07/21 12:39:02 [notice] 1#1: start worker processes
2021/07/21 12:39:02 [notice] 1#1: start worker process 22
2021/07/21 12:39:02 [notice] 1#1: start worker process 23
2021/07/21 12:39:02 [notice] 1#1: start worker process 24
2021/07/21 12:39:02 [notice] 1#1: start worker process 25
2021/07/21 12:39:02 [notice] 1#1: start worker process 26
2021/07/21 12:39:02 [notice] 1#1: start worker process 27
2021/07/21 12:39:02 [notice] 1#1: start worker process 28
2021/07/21 12:39:02 [notice] 1#1: start worker process 29
2021/07/21 12:40:17 [notice] 1#1: signal 3 (SIGQUIT) received, shutting down
2021/07/21 12:40:17 [notice] 23#23: gracefully shutting down
2021/07/21 12:40:17 [notice] 25#25: gracefully shutting down
2021/07/21 12:40:17 [notice] 28#28: gracefully shutting down
2021/07/21 12:40:17 [notice] 27#27: gracefully shutting down
2021/07/21 12:40:17 [notice] 29#29: gracefully shutting down
2021/07/21 12:40:17 [notice] 25#25: exiting
2021/07/21 12:40:17 [notice] 28#28: exiting
2021/07/21 12:40:17 [notice] 27#27: exiting
2021/07/21 12:40:17 [notice] 29#29: exiting
2021/07/21 12:40:17 [notice] 23#23: exiting
2021/07/21 12:40:17 [notice] 25#25: exit
2021/07/21 12:40:17 [notice] 29#29: exit
2021/07/21 12:40:17 [notice] 27#27: exit
2021/07/21 12:40:17 [notice] 23#23: exit
2021/07/21 12:40:17 [notice] 28#28: exit
2021/07/21 12:40:17 [notice] 24#24: gracefully shutting down
2021/07/21 12:40:17 [notice] 24#24: exiting
2021/07/21 12:40:17 [notice] 24#24: exit
2021/07/21 12:40:17 [notice] 26#26: gracefully shutting down
2021/07/21 12:40:17 [notice] 26#26: exiting
2021/07/21 12:40:17 [notice] 26#26: exit
2021/07/21 12:40:17 [notice] 22#22: gracefully shutting down
2021/07/21 12:40:17 [notice] 1#1: signal 17 (SIGCHLD) received from 29
2021/07/21 12:40:17 [notice] 1#1: worker process 29 exited with code 0
2021/07/21 12:40:17 [notice] 1#1: signal 29 (SIGIO) received
2021/07/21 12:40:17 [notice] 1#1: signal 17 (SIGCHLD) received from 25
2021/07/21 12:40:17 [notice] 1#1: worker process 25 exited with code 0
2021/07/21 12:40:17 [notice] 1#1: signal 29 (SIGIO) received
2021/07/21 12:40:17 [notice] 1#1: signal 17 (SIGCHLD) received from 23
2021/07/21 12:40:17 [notice] 1#1: worker process 23 exited with code 0
2021/07/21 12:40:17 [notice] 1#1: signal 29 (SIGIO) received
2021/07/21 12:40:17 [notice] 1#1: signal 17 (SIGCHLD) received from 27
2021/07/21 12:40:17 [notice] 1#1: worker process 24 exited with code 0
2021/07/21 12:40:17 [notice] 1#1: worker process 27 exited with code 0
2021/07/21 12:40:17 [notice] 1#1: signal 29 (SIGIO) received
2021/07/21 12:40:17 [notice] 1#1: signal 17 (SIGCHLD) received from 24
2021/07/21 12:40:17 [notice] 1#1: worker process 26 exited with code 0
2021/07/21 12:40:17 [notice] 1#1: worker process 28 exited with code 0
2021/07/21 12:40:17 [notice] 1#1: signal 29 (SIGIO) received
2021/07/21 12:40:17 [notice] 1#1: signal 17 (SIGCHLD) received from 26
2021/07/21 12:40:17 [notice] 22#22: exiting
2021/07/21 12:40:17 [notice] 22#22: exit
2021/07/21 12:40:17 [notice] 1#1: signal 17 (SIGCHLD) received from 22
2021/07/21 12:40:17 [notice] 1#1: worker process 22 exited with code 0
2021/07/21 12:40:17 [notice] 1#1: exit
2021/07/21 12:40:31 [notice] 1#1: using the "epoll" event method
2021/07/21 12:40:31 [notice] 1#1: nginx/1.21.1
2021/07/21 12:40:31 [notice] 1#1: built by gcc 8.3.0 (Debian 8.3.0-6) 
2021/07/21 12:40:31 [notice] 1#1: OS: Linux 5.8.0-59-generic
2021/07/21 12:40:31 [notice] 1#1: getrlimit(RLIMIT_NOFILE): 1048576:1048576
2021/07/21 12:40:31 [notice] 1#1: start worker processes
2021/07/21 12:40:31 [notice] 1#1: start worker process 22
2021/07/21 12:40:31 [notice] 1#1: start worker process 23
2021/07/21 12:40:31 [notice] 1#1: start worker process 24
2021/07/21 12:40:31 [notice] 1#1: start worker process 25
2021/07/21 12:40:31 [notice] 1#1: start worker process 26
2021/07/21 12:40:31 [notice] 1#1: start worker process 27
2021/07/21 12:40:31 [notice] 1#1: start worker process 28
2021/07/21 12:40:31 [notice] 1#1: start worker process 29
2021/07/21 12:42:04 [notice] 1#1: signal 3 (SIGQUIT) received, shutting down
2021/07/21 12:42:04 [notice] 23#23: gracefully shutting down
2021/07/21 12:42:04 [notice] 22#22: gracefully shutting down
2021/07/21 12:42:04 [notice] 24#24: gracefully shutting down
2021/07/21 12:42:04 [notice] 28#28: gracefully shutting down
2021/07/21 12:42:04 [notice] 27#27: gracefully shutting down
2021/07/21 12:42:04 [notice] 23#23: exiting
2021/07/21 12:42:04 [notice] 22#22: exiting
2021/07/21 12:42:04 [notice] 24#24: exiting
2021/07/21 12:42:04 [notice] 28#28: exiting
2021/07/21 12:42:04 [notice] 27#27: exiting
2021/07/21 12:42:04 [notice] 23#23: exit
2021/07/21 12:42:04 [notice] 24#24: exit
2021/07/21 12:42:04 [notice] 22#22: exit
2021/07/21 12:42:04 [notice] 28#28: exit
2021/07/21 12:42:04 [notice] 27#27: exit
2021/07/21 12:42:04 [notice] 26#26: gracefully shutting down
2021/07/21 12:42:04 [notice] 29#29: gracefully shutting down
2021/07/21 12:42:04 [notice] 26#26: exiting
2021/07/21 12:42:04 [notice] 29#29: exiting
2021/07/21 12:42:04 [notice] 29#29: exit
2021/07/21 12:42:04 [notice] 26#26: exit
2021/07/21 12:42:04 [notice] 25#25: gracefully shutting down
2021/07/21 12:42:04 [notice] 25#25: exiting
2021/07/21 12:42:04 [notice] 25#25: exit
2021/07/21 12:42:04 [notice] 1#1: signal 17 (SIGCHLD) received from 23
2021/07/21 12:42:04 [notice] 1#1: worker process 23 exited with code 0
2021/07/21 12:42:04 [notice] 1#1: worker process 24 exited with code 0
2021/07/21 12:42:04 [notice] 1#1: worker process 25 exited with code 0
2021/07/21 12:42:04 [notice] 1#1: worker process 22 exited with code 0
2021/07/21 12:42:04 [notice] 1#1: worker process 26 exited with code 0
2021/07/21 12:42:04 [notice] 1#1: signal 29 (SIGIO) received
2021/07/21 12:42:04 [notice] 1#1: signal 17 (SIGCHLD) received from 26
2021/07/21 12:42:04 [notice] 1#1: worker process 28 exited with code 0
2021/07/21 12:42:04 [notice] 1#1: signal 29 (SIGIO) received
2021/07/21 12:42:04 [notice] 1#1: signal 17 (SIGCHLD) received from 27
2021/07/21 12:42:04 [notice] 1#1: worker process 27 exited with code 0
2021/07/21 12:42:04 [notice] 1#1: worker process 29 exited with code 0
2021/07/21 12:42:04 [notice] 1#1: exit
2021/07/21 12:42:10 [notice] 1#1: using the "epoll" event method
2021/07/21 12:42:10 [notice] 1#1: nginx/1.21.1
2021/07/21 12:42:10 [notice] 1#1: built by gcc 8.3.0 (Debian 8.3.0-6) 
2021/07/21 12:42:10 [notice] 1#1: OS: Linux 5.8.0-59-generic
2021/07/21 12:42:10 [notice] 1#1: getrlimit(RLIMIT_NOFILE): 1048576:1048576
2021/07/21 12:42:10 [notice] 1#1: start worker processes
2021/07/21 12:42:10 [notice] 1#1: start worker process 22
2021/07/21 12:42:10 [notice] 1#1: start worker process 23
2021/07/21 12:42:10 [notice] 1#1: start worker process 24
2021/07/21 12:42:10 [notice] 1#1: start worker process 25
2021/07/21 12:42:10 [notice] 1#1: start worker process 26
2021/07/21 12:42:10 [notice] 1#1: start worker process 27
2021/07/21 12:42:10 [notice] 1#1: start worker process 28
2021/07/21 12:42:10 [notice] 1#1: start worker process 29
2021/07/21 12:44:26 [notice] 1#1: signal 3 (SIGQUIT) received, shutting down
2021/07/21 12:44:26 [notice] 23#23: gracefully shutting down
2021/07/21 12:44:26 [notice] 24#24: gracefully shutting down
2021/07/21 12:44:26 [notice] 26#26: gracefully shutting down
2021/07/21 12:44:26 [notice] 22#22: gracefully shutting down
2021/07/21 12:44:26 [notice] 23#23: exiting
2021/07/21 12:44:26 [notice] 24#24: exiting
2021/07/21 12:44:26 [notice] 26#26: exiting
2021/07/21 12:44:26 [notice] 26#26: exit
2021/07/21 12:44:26 [notice] 27#27: gracefully shutting down
2021/07/21 12:44:26 [notice] 23#23: exit
2021/07/21 12:44:26 [notice] 27#27: exiting
2021/07/21 12:44:26 [notice] 29#29: gracefully shutting down
2021/07/21 12:44:26 [notice] 27#27: exit
2021/07/21 12:44:26 [notice] 29#29: exiting
2021/07/21 12:44:26 [notice] 29#29: exit
2021/07/21 12:44:26 [notice] 24#24: exit
2021/07/21 12:44:26 [notice] 25#25: gracefully shutting down
2021/07/21 12:44:26 [notice] 25#25: exiting
2021/07/21 12:44:26 [notice] 25#25: exit
2021/07/21 12:44:26 [notice] 28#28: gracefully shutting down
2021/07/21 12:44:26 [notice] 28#28: exiting
2021/07/21 12:44:26 [notice] 28#28: exit
2021/07/21 12:44:26 [notice] 1#1: signal 17 (SIGCHLD) received from 23
2021/07/21 12:44:26 [notice] 1#1: worker process 23 exited with code 0
2021/07/21 12:44:26 [notice] 1#1: signal 29 (SIGIO) received
2021/07/21 12:44:26 [notice] 1#1: signal 17 (SIGCHLD) received from 24
2021/07/21 12:44:26 [notice] 1#1: worker process 24 exited with code 0
2021/07/21 12:44:26 [notice] 1#1: signal 29 (SIGIO) received
2021/07/21 12:44:27 [notice] 1#1: signal 17 (SIGCHLD) received from 27
2021/07/21 12:44:27 [notice] 1#1: worker process 27 exited with code 0
2021/07/21 12:44:27 [notice] 1#1: signal 29 (SIGIO) received
2021/07/21 12:44:27 [notice] 1#1: signal 17 (SIGCHLD) received from 26
2021/07/21 12:44:27 [notice] 1#1: worker process 26 exited with code 0
2021/07/21 12:44:27 [notice] 1#1: worker process 29 exited with code 0
2021/07/21 12:44:27 [notice] 1#1: signal 29 (SIGIO) received
2021/07/21 12:44:27 [notice] 1#1: signal 17 (SIGCHLD) received from 25
2021/07/21 12:44:27 [notice] 1#1: worker process 25 exited with code 0
2021/07/21 12:44:27 [notice] 1#1: worker process 28 exited with code 0
2021/07/21 12:44:27 [notice] 1#1: signal 29 (SIGIO) received
2021/07/21 12:44:27 [notice] 1#1: signal 17 (SIGCHLD) received from 28
2021/07/21 12:44:27 [notice] 22#22: exiting
2021/07/21 12:44:27 [notice] 22#22: exit
2021/07/21 12:44:27 [notice] 1#1: signal 17 (SIGCHLD) received from 22
2021/07/21 12:44:27 [notice] 1#1: worker process 22 exited with code 0
2021/07/21 12:44:27 [notice] 1#1: exit
2021/07/21 12:44:34 [notice] 1#1: using the "epoll" event method
2021/07/21 12:44:34 [notice] 1#1: nginx/1.21.1
2021/07/21 12:44:34 [notice] 1#1: built by gcc 8.3.0 (Debian 8.3.0-6) 
2021/07/21 12:44:34 [notice] 1#1: OS: Linux 5.8.0-59-generic
2021/07/21 12:44:34 [notice] 1#1: getrlimit(RLIMIT_NOFILE): 1048576:1048576
2021/07/21 12:44:34 [notice] 1#1: start worker processes
2021/07/21 12:44:34 [notice] 1#1: start worker process 22
2021/07/21 12:44:34 [notice] 1#1: start worker process 23
2021/07/21 12:44:34 [notice] 1#1: start worker process 24
2021/07/21 12:44:34 [notice] 1#1: start worker process 25
2021/07/21 12:44:34 [notice] 1#1: start worker process 26
2021/07/21 12:44:34 [notice] 1#1: start worker process 27
2021/07/21 12:44:34 [notice] 1#1: start worker process 28
2021/07/21 12:44:34 [notice] 1#1: start worker process 29
2021/07/21 12:46:09 [notice] 1#1: signal 3 (SIGQUIT) received, shutting down
2021/07/21 12:46:09 [notice] 28#28: gracefully shutting down
2021/07/21 12:46:09 [notice] 23#23: gracefully shutting down
2021/07/21 12:46:09 [notice] 28#28: exiting
2021/07/21 12:46:09 [notice] 23#23: exiting
2021/07/21 12:46:09 [notice] 23#23: exit
2021/07/21 12:46:09 [notice] 28#28: exit
2021/07/21 12:46:09 [notice] 26#26: gracefully shutting down
2021/07/21 12:46:09 [notice] 26#26: exiting
2021/07/21 12:46:09 [notice] 26#26: exit
2021/07/21 12:46:09 [notice] 29#29: gracefully shutting down
2021/07/21 12:46:09 [notice] 29#29: exiting
2021/07/21 12:46:09 [notice] 29#29: exit
2021/07/21 12:46:09 [notice] 27#27: gracefully shutting down
2021/07/21 12:46:09 [notice] 27#27: exiting
2021/07/21 12:46:09 [notice] 27#27: exit
2021/07/21 12:46:09 [notice] 25#25: gracefully shutting down
2021/07/21 12:46:09 [notice] 25#25: exiting
2021/07/21 12:46:09 [notice] 25#25: exit
2021/07/21 12:46:09 [notice] 22#22: gracefully shutting down
2021/07/21 12:46:09 [notice] 22#22: exiting
2021/07/21 12:46:09 [notice] 22#22: exit
2021/07/21 12:46:09 [notice] 24#24: gracefully shutting down
2021/07/21 12:46:09 [notice] 24#24: exiting
2021/07/21 12:46:09 [notice] 24#24: exit
2021/07/21 12:46:09 [notice] 1#1: signal 17 (SIGCHLD) received from 25
2021/07/21 12:46:09 [notice] 1#1: worker process 23 exited with code 0
2021/07/21 12:46:09 [notice] 1#1: worker process 24 exited with code 0
2021/07/21 12:46:09 [notice] 1#1: worker process 25 exited with code 0
2021/07/21 12:46:09 [notice] 1#1: worker process 26 exited with code 0
2021/07/21 12:46:09 [notice] 1#1: worker process 27 exited with code 0
2021/07/21 12:46:09 [notice] 1#1: worker process 28 exited with code 0
2021/07/21 12:46:09 [notice] 1#1: worker process 29 exited with code 0
2021/07/21 12:46:09 [notice] 1#1: signal 29 (SIGIO) received
2021/07/21 12:46:09 [notice] 1#1: signal 17 (SIGCHLD) received from 24
2021/07/21 12:46:09 [notice] 1#1: signal 17 (SIGCHLD) received from 22
2021/07/21 12:46:09 [notice] 1#1: worker process 22 exited with code 0
2021/07/21 12:46:09 [notice] 1#1: exit
2021/07/21 12:46:38 [notice] 1#1: using the "epoll" event method
2021/07/21 12:46:38 [notice] 1#1: nginx/1.21.1
2021/07/21 12:46:38 [notice] 1#1: built by gcc 8.3.0 (Debian 8.3.0-6) 
2021/07/21 12:46:38 [notice] 1#1: OS: Linux 5.8.0-59-generic
2021/07/21 12:46:38 [notice] 1#1: getrlimit(RLIMIT_NOFILE): 1048576:1048576
2021/07/21 12:46:38 [notice] 1#1: start worker processes
2021/07/21 12:46:38 [notice] 1#1: start worker process 22
2021/07/21 12:46:38 [notice] 1#1: start worker process 23
2021/07/21 12:46:38 [notice] 1#1: start worker process 24
2021/07/21 12:46:38 [notice] 1#1: start worker process 25
2021/07/21 12:46:38 [notice] 1#1: start worker process 26
2021/07/21 12:46:38 [notice] 1#1: start worker process 27
2021/07/21 12:46:38 [notice] 1#1: start worker process 28
2021/07/21 12:46:38 [notice] 1#1: start worker process 29
2021/07/21 13:05:15 [notice] 1#1: signal 3 (SIGQUIT) received, shutting down
2021/07/21 13:05:15 [notice] 23#23: gracefully shutting down
2021/07/21 13:05:15 [notice] 25#25: gracefully shutting down
2021/07/21 13:05:15 [notice] 23#23: exiting
2021/07/21 13:05:15 [notice] 26#26: gracefully shutting down
2021/07/21 13:05:15 [notice] 24#24: gracefully shutting down
2021/07/21 13:05:15 [notice] 27#27: gracefully shutting down
2021/07/21 13:05:15 [notice] 25#25: exiting
2021/07/21 13:05:15 [notice] 26#26: exiting
2021/07/21 13:05:15 [notice] 24#24: exiting
2021/07/21 13:05:15 [notice] 27#27: exiting
2021/07/21 13:05:15 [notice] 23#23: exit
2021/07/21 13:05:15 [notice] 25#25: exit
2021/07/21 13:05:15 [notice] 24#24: exit
2021/07/21 13:05:15 [notice] 26#26: exit
2021/07/21 13:05:15 [notice] 27#27: exit
2021/07/21 13:05:15 [notice] 28#28: gracefully shutting down
2021/07/21 13:05:15 [notice] 28#28: exiting
2021/07/21 13:05:15 [notice] 28#28: exit
2021/07/21 13:05:15 [notice] 29#29: gracefully shutting down
2021/07/21 13:05:15 [notice] 22#22: gracefully shutting down
2021/07/21 13:05:15 [notice] 29#29: exiting
2021/07/21 13:05:15 [notice] 22#22: exiting
2021/07/21 13:05:15 [notice] 29#29: exit
2021/07/21 13:05:15 [notice] 22#22: exit
2021/07/21 13:05:15 [notice] 1#1: signal 17 (SIGCHLD) received from 25
2021/07/21 13:05:15 [notice] 1#1: worker process 25 exited with code 0
2021/07/21 13:05:15 [notice] 1#1: signal 29 (SIGIO) received
2021/07/21 13:05:15 [notice] 1#1: signal 17 (SIGCHLD) received from 23
2021/07/21 13:05:15 [notice] 1#1: worker process 23 exited with code 0
2021/07/21 13:05:15 [notice] 1#1: worker process 24 exited with code 0
2021/07/21 13:05:15 [notice] 1#1: worker process 28 exited with code 0
2021/07/21 13:05:15 [notice] 1#1: worker process 29 exited with code 0
2021/07/21 13:05:15 [notice] 1#1: signal 29 (SIGIO) received
2021/07/21 13:05:15 [notice] 1#1: signal 17 (SIGCHLD) received from 29
2021/07/21 13:05:15 [notice] 1#1: signal 17 (SIGCHLD) received from 27
2021/07/21 13:05:15 [notice] 1#1: worker process 27 exited with code 0
2021/07/21 13:05:15 [notice] 1#1: signal 29 (SIGIO) received
2021/07/21 13:05:15 [notice] 1#1: signal 17 (SIGCHLD) received from 22
2021/07/21 13:05:15 [notice] 1#1: worker process 22 exited with code 0
2021/07/21 13:05:15 [notice] 1#1: signal 29 (SIGIO) received
2021/07/21 13:05:15 [notice] 1#1: signal 17 (SIGCHLD) received from 26
2021/07/21 13:05:15 [notice] 1#1: worker process 26 exited with code 0
2021/07/21 13:05:15 [notice] 1#1: exit
2021/07/21 13:15:38 [notice] 1#1: using the "epoll" event method
2021/07/21 13:15:38 [notice] 1#1: nginx/1.21.1
2021/07/21 13:15:38 [notice] 1#1: built by gcc 8.3.0 (Debian 8.3.0-6) 
2021/07/21 13:15:38 [notice] 1#1: OS: Linux 5.8.0-59-generic
2021/07/21 13:15:38 [notice] 1#1: getrlimit(RLIMIT_NOFILE): 1048576:1048576
2021/07/21 13:15:38 [notice] 1#1: start worker processes
2021/07/21 13:15:38 [notice] 1#1: start worker process 22
2021/07/21 13:15:38 [notice] 1#1: start worker process 23
2021/07/21 13:15:38 [notice] 1#1: start worker process 24
2021/07/21 13:15:38 [notice] 1#1: start worker process 25
2021/07/21 13:15:38 [notice] 1#1: start worker process 26
2021/07/21 13:15:38 [notice] 1#1: start worker process 27
2021/07/21 13:15:38 [notice] 1#1: start worker process 28
2021/07/21 13:15:38 [notice] 1#1: start worker process 29
2021/07/21 13:16:10 [notice] 1#1: signal 3 (SIGQUIT) received, shutting down
2021/07/21 13:16:10 [notice] 22#22: gracefully shutting down
2021/07/21 13:16:10 [notice] 24#24: gracefully shutting down
2021/07/21 13:16:10 [notice] 25#25: gracefully shutting down
2021/07/21 13:16:10 [notice] 26#26: gracefully shutting down
2021/07/21 13:16:10 [notice] 27#27: gracefully shutting down
2021/07/21 13:16:10 [notice] 22#22: exiting
2021/07/21 13:16:10 [notice] 23#23: gracefully shutting down
2021/07/21 13:16:10 [notice] 24#24: exiting
2021/07/21 13:16:10 [notice] 25#25: exiting
2021/07/21 13:16:10 [notice] 26#26: exiting
2021/07/21 13:16:10 [notice] 27#27: exiting
2021/07/21 13:16:10 [notice] 23#23: exiting
2021/07/21 13:16:10 [notice] 24#24: exit
2021/07/21 13:16:10 [notice] 22#22: exit
2021/07/21 13:16:10 [notice] 25#25: exit
2021/07/21 13:16:10 [notice] 26#26: exit
2021/07/21 13:16:10 [notice] 27#27: exit
2021/07/21 13:16:10 [notice] 23#23: exit
2021/07/21 13:16:10 [notice] 29#29: gracefully shutting down
2021/07/21 13:16:10 [notice] 28#28: gracefully shutting down
2021/07/21 13:16:10 [notice] 29#29: exiting
2021/07/21 13:16:10 [notice] 28#28: exiting
2021/07/21 13:16:10 [notice] 29#29: exit
2021/07/21 13:16:10 [notice] 28#28: exit
2021/07/21 13:16:10 [notice] 1#1: signal 17 (SIGCHLD) received from 26
2021/07/21 13:16:10 [notice] 1#1: worker process 26 exited with code 0
2021/07/21 13:16:10 [notice] 1#1: signal 29 (SIGIO) received
2021/07/21 13:16:10 [notice] 1#1: signal 17 (SIGCHLD) received from 22
2021/07/21 13:16:10 [notice] 1#1: worker process 22 exited with code 0
2021/07/21 13:16:10 [notice] 1#1: worker process 29 exited with code 0
2021/07/21 13:16:10 [notice] 1#1: signal 29 (SIGIO) received
2021/07/21 13:16:10 [notice] 1#1: signal 17 (SIGCHLD) received from 29
2021/07/21 13:16:10 [notice] 1#1: worker process 25 exited with code 0
2021/07/21 13:16:10 [notice] 1#1: signal 29 (SIGIO) received
2021/07/21 13:16:10 [notice] 1#1: signal 17 (SIGCHLD) received from 24
2021/07/21 13:16:10 [notice] 1#1: worker process 24 exited with code 0
2021/07/21 13:16:10 [notice] 1#1: signal 29 (SIGIO) received
2021/07/21 13:16:10 [notice] 1#1: signal 17 (SIGCHLD) received from 23
2021/07/21 13:16:10 [notice] 1#1: worker process 23 exited with code 0
2021/07/21 13:16:10 [notice] 1#1: signal 29 (SIGIO) received
2021/07/21 13:16:10 [notice] 1#1: signal 17 (SIGCHLD) received from 28
2021/07/21 13:16:10 [notice] 1#1: worker process 28 exited with code 0
2021/07/21 13:16:10 [notice] 1#1: signal 29 (SIGIO) received
2021/07/21 13:16:10 [notice] 1#1: signal 17 (SIGCHLD) received from 27
2021/07/21 13:16:10 [notice] 1#1: worker process 27 exited with code 0
2021/07/21 13:16:10 [notice] 1#1: exit
2021/07/21 13:17:29 [notice] 1#1: using the "epoll" event method
2021/07/21 13:17:29 [notice] 1#1: nginx/1.21.1
2021/07/21 13:17:29 [notice] 1#1: built by gcc 8.3.0 (Debian 8.3.0-6) 
2021/07/21 13:17:29 [notice] 1#1: OS: Linux 5.8.0-59-generic
2021/07/21 13:17:29 [notice] 1#1: getrlimit(RLIMIT_NOFILE): 1048576:1048576
2021/07/21 13:17:29 [notice] 1#1: start worker processes
2021/07/21 13:17:29 [notice] 1#1: start worker process 22
2021/07/21 13:17:29 [notice] 1#1: start worker process 23
2021/07/21 13:17:29 [notice] 1#1: start worker process 24
2021/07/21 13:17:29 [notice] 1#1: start worker process 25
2021/07/21 13:17:29 [notice] 1#1: start worker process 26
2021/07/21 13:17:29 [notice] 1#1: start worker process 27
2021/07/21 13:17:29 [notice] 1#1: start worker process 28
2021/07/21 13:17:29 [notice] 1#1: start worker process 29
2021/07/21 13:24:33 [notice] 1#1: signal 3 (SIGQUIT) received, shutting down
2021/07/21 13:24:33 [notice] 22#22: gracefully shutting down
2021/07/21 13:24:33 [notice] 22#22: exiting
2021/07/21 13:24:33 [notice] 26#26: gracefully shutting down
2021/07/21 13:24:33 [notice] 28#28: gracefully shutting down
2021/07/21 13:24:33 [notice] 26#26: exiting
2021/07/21 13:24:33 [notice] 28#28: exiting
2021/07/21 13:24:33 [notice] 22#22: exit
2021/07/21 13:24:33 [notice] 26#26: exit
2021/07/21 13:24:33 [notice] 28#28: exit
2021/07/21 13:24:33 [notice] 24#24: gracefully shutting down
2021/07/21 13:24:33 [notice] 24#24: exiting
2021/07/21 13:24:33 [notice] 24#24: exit
2021/07/21 13:24:33 [notice] 23#23: gracefully shutting down
2021/07/21 13:24:33 [notice] 23#23: exiting
2021/07/21 13:24:33 [notice] 23#23: exit
2021/07/21 13:24:33 [notice] 25#25: gracefully shutting down
2021/07/21 13:24:33 [notice] 25#25: exiting
2021/07/21 13:24:33 [notice] 25#25: exit
2021/07/21 13:24:33 [notice] 29#29: gracefully shutting down
2021/07/21 13:24:33 [notice] 29#29: exiting
2021/07/21 13:24:33 [notice] 29#29: exit
2021/07/21 13:24:33 [notice] 27#27: gracefully shutting down
2021/07/21 13:24:33 [notice] 27#27: exiting
2021/07/21 13:24:33 [notice] 27#27: exit
2021/07/21 13:24:34 [notice] 1#1: signal 17 (SIGCHLD) received from 22
2021/07/21 13:24:34 [notice] 1#1: worker process 22 exited with code 0
2021/07/21 13:24:34 [notice] 1#1: signal 29 (SIGIO) received
2021/07/21 13:24:34 [notice] 1#1: signal 17 (SIGCHLD) received from 26
2021/07/21 13:24:34 [notice] 1#1: worker process 26 exited with code 0
2021/07/21 13:24:34 [notice] 1#1: signal 29 (SIGIO) received
2021/07/21 13:24:34 [notice] 1#1: signal 17 (SIGCHLD) received from 29
2021/07/21 13:24:34 [notice] 1#1: worker process 23 exited with code 0
2021/07/21 13:24:34 [notice] 1#1: worker process 25 exited with code 0
2021/07/21 13:24:34 [notice] 1#1: worker process 27 exited with code 0
2021/07/21 13:24:34 [notice] 1#1: worker process 28 exited with code 0
2021/07/21 13:24:34 [notice] 1#1: worker process 29 exited with code 0
2021/07/21 13:24:34 [notice] 1#1: signal 29 (SIGIO) received
2021/07/21 13:24:34 [notice] 1#1: signal 17 (SIGCHLD) received from 23
2021/07/21 13:24:34 [notice] 1#1: signal 17 (SIGCHLD) received from 24
2021/07/21 13:24:34 [notice] 1#1: worker process 24 exited with code 0
2021/07/21 13:24:34 [notice] 1#1: exit
2021/07/21 13:24:46 [notice] 1#1: using the "epoll" event method
2021/07/21 13:24:46 [notice] 1#1: nginx/1.21.1
2021/07/21 13:24:46 [notice] 1#1: built by gcc 8.3.0 (Debian 8.3.0-6) 
2021/07/21 13:24:46 [notice] 1#1: OS: Linux 5.8.0-59-generic
2021/07/21 13:24:46 [notice] 1#1: getrlimit(RLIMIT_NOFILE): 1048576:1048576
2021/07/21 13:24:46 [notice] 1#1: start worker processes
2021/07/21 13:24:46 [notice] 1#1: start worker process 23
2021/07/21 13:24:46 [notice] 1#1: start worker process 24
2021/07/21 13:24:46 [notice] 1#1: start worker process 25
2021/07/21 13:24:46 [notice] 1#1: start worker process 26
2021/07/21 13:24:46 [notice] 1#1: start worker process 27
2021/07/21 13:24:46 [notice] 1#1: start worker process 28
2021/07/21 13:24:46 [notice] 1#1: start worker process 29
2021/07/21 13:24:46 [notice] 1#1: start worker process 30
2021/07/21 13:25:28 [notice] 1#1: signal 3 (SIGQUIT) received, shutting down
2021/07/21 13:25:28 [notice] 26#26: gracefully shutting down
2021/07/21 13:25:28 [notice] 24#24: gracefully shutting down
2021/07/21 13:25:28 [notice] 25#25: gracefully shutting down
2021/07/21 13:25:28 [notice] 23#23: gracefully shutting down
2021/07/21 13:25:28 [notice] 27#27: gracefully shutting down
2021/07/21 13:25:28 [notice] 26#26: exiting
2021/07/21 13:25:28 [notice] 24#24: exiting
2021/07/21 13:25:28 [notice] 25#25: exiting
2021/07/21 13:25:28 [notice] 23#23: exiting
2021/07/21 13:25:28 [notice] 27#27: exiting
2021/07/21 13:25:28 [notice] 25#25: exit
2021/07/21 13:25:28 [notice] 24#24: exit
2021/07/21 13:25:28 [notice] 26#26: exit
2021/07/21 13:25:28 [notice] 27#27: exit
2021/07/21 13:25:28 [notice] 23#23: exit
2021/07/21 13:25:28 [notice] 28#28: gracefully shutting down
2021/07/21 13:25:28 [notice] 28#28: exiting
2021/07/21 13:25:28 [notice] 28#28: exit
2021/07/21 13:25:28 [notice] 29#29: gracefully shutting down
2021/07/21 13:25:28 [notice] 29#29: exiting
2021/07/21 13:25:28 [notice] 29#29: exit
2021/07/21 13:25:28 [notice] 30#30: gracefully shutting down
2021/07/21 13:25:28 [notice] 30#30: exiting
2021/07/21 13:25:28 [notice] 30#30: exit
2021/07/21 13:25:28 [notice] 1#1: signal 17 (SIGCHLD) received from 26
2021/07/21 13:25:28 [notice] 1#1: worker process 26 exited with code 0
2021/07/21 13:25:28 [notice] 1#1: signal 29 (SIGIO) received
2021/07/21 13:25:28 [notice] 1#1: signal 17 (SIGCHLD) received from 27
2021/07/21 13:25:28 [notice] 1#1: worker process 27 exited with code 0
2021/07/21 13:25:28 [notice] 1#1: signal 29 (SIGIO) received
2021/07/21 13:25:28 [notice] 1#1: signal 17 (SIGCHLD) received from 24
2021/07/21 13:25:28 [notice] 1#1: worker process 24 exited with code 0
2021/07/21 13:25:28 [notice] 1#1: signal 29 (SIGIO) received
2021/07/21 13:25:28 [notice] 1#1: signal 17 (SIGCHLD) received from 30
2021/07/21 13:25:28 [notice] 1#1: worker process 25 exited with code 0
2021/07/21 13:25:28 [notice] 1#1: worker process 23 exited with code 0
2021/07/21 13:25:28 [notice] 1#1: worker process 28 exited with code 0
2021/07/21 13:25:28 [notice] 1#1: worker process 30 exited with code 0
2021/07/21 13:25:28 [notice] 1#1: signal 29 (SIGIO) received
2021/07/21 13:25:28 [notice] 1#1: signal 17 (SIGCHLD) received from 25
2021/07/21 13:25:28 [notice] 1#1: signal 17 (SIGCHLD) received from 29
2021/07/21 13:25:28 [notice] 1#1: worker process 29 exited with code 0
2021/07/21 13:25:28 [notice] 1#1: exit
2021/07/21 13:25:36 [notice] 1#1: using the "epoll" event method
2021/07/21 13:25:36 [notice] 1#1: nginx/1.21.1
2021/07/21 13:25:36 [notice] 1#1: built by gcc 8.3.0 (Debian 8.3.0-6) 
2021/07/21 13:25:36 [notice] 1#1: OS: Linux 5.8.0-59-generic
2021/07/21 13:25:36 [notice] 1#1: getrlimit(RLIMIT_NOFILE): 1048576:1048576
2021/07/21 13:25:36 [notice] 1#1: start worker processes
2021/07/21 13:25:36 [notice] 1#1: start worker process 23
2021/07/21 13:25:36 [notice] 1#1: start worker process 24
2021/07/21 13:25:36 [notice] 1#1: start worker process 25
2021/07/21 13:25:36 [notice] 1#1: start worker process 26
2021/07/21 13:25:36 [notice] 1#1: start worker process 27
2021/07/21 13:25:36 [notice] 1#1: start worker process 28
2021/07/21 13:25:36 [notice] 1#1: start worker process 29
2021/07/21 13:25:36 [notice] 1#1: start worker process 30
2021/07/21 13:48:36 [notice] 1#1: signal 3 (SIGQUIT) received, shutting down
2021/07/21 13:48:36 [notice] 25#25: gracefully shutting down
2021/07/21 13:48:36 [notice] 24#24: gracefully shutting down
2021/07/21 13:48:36 [notice] 29#29: gracefully shutting down
2021/07/21 13:48:36 [notice] 30#30: gracefully shutting down
2021/07/21 13:48:36 [notice] 23#23: gracefully shutting down
2021/07/21 13:48:36 [notice] 25#25: exiting
2021/07/21 13:48:36 [notice] 29#29: exiting
2021/07/21 13:48:36 [notice] 30#30: exiting
2021/07/21 13:48:36 [notice] 24#24: exiting
2021/07/21 13:48:36 [notice] 23#23: exiting
2021/07/21 13:48:36 [notice] 30#30: exit
2021/07/21 13:48:36 [notice] 29#29: exit
2021/07/21 13:48:36 [notice] 25#25: exit
2021/07/21 13:48:36 [notice] 24#24: exit
2021/07/21 13:48:36 [notice] 23#23: exit
2021/07/21 13:48:36 [notice] 27#27: gracefully shutting down
2021/07/21 13:48:36 [notice] 26#26: gracefully shutting down
2021/07/21 13:48:36 [notice] 27#27: exiting
2021/07/21 13:48:36 [notice] 26#26: exiting
2021/07/21 13:48:36 [notice] 27#27: exit
2021/07/21 13:48:36 [notice] 26#26: exit
2021/07/21 13:48:36 [notice] 28#28: gracefully shutting down
2021/07/21 13:48:36 [notice] 28#28: exiting
2021/07/21 13:48:36 [notice] 28#28: exit
2021/07/21 13:48:36 [notice] 1#1: signal 17 (SIGCHLD) received from 26
2021/07/21 13:48:36 [notice] 1#1: worker process 26 exited with code 0
2021/07/21 13:48:36 [notice] 1#1: signal 29 (SIGIO) received
2021/07/21 13:48:36 [notice] 1#1: signal 17 (SIGCHLD) received from 28
2021/07/21 13:48:36 [notice] 1#1: worker process 28 exited with code 0
2021/07/21 13:48:36 [notice] 1#1: signal 29 (SIGIO) received
2021/07/21 13:48:36 [notice] 1#1: signal 17 (SIGCHLD) received from 25
2021/07/21 13:48:36 [notice] 1#1: worker process 25 exited with code 0
2021/07/21 13:48:36 [notice] 1#1: worker process 29 exited with code 0
2021/07/21 13:48:36 [notice] 1#1: signal 29 (SIGIO) received
2021/07/21 13:48:36 [notice] 1#1: signal 17 (SIGCHLD) received from 29
2021/07/21 13:48:36 [notice] 1#1: worker process 30 exited with code 0
2021/07/21 13:48:36 [notice] 1#1: worker process 27 exited with code 0
2021/07/21 13:48:36 [notice] 1#1: signal 29 (SIGIO) received
2021/07/21 13:48:36 [notice] 1#1: signal 17 (SIGCHLD) received from 27
2021/07/21 13:48:36 [notice] 1#1: signal 17 (SIGCHLD) received from 23
2021/07/21 13:48:36 [notice] 1#1: worker process 23 exited with code 0
2021/07/21 13:48:36 [notice] 1#1: signal 17 (SIGCHLD) received from 24
2021/07/21 13:48:36 [notice] 1#1: worker process 24 exited with code 0
2021/07/21 13:48:36 [notice] 1#1: exit
2021/07/21 13:51:46 [notice] 1#1: using the "epoll" event method
2021/07/21 13:51:46 [notice] 1#1: nginx/1.21.1
2021/07/21 13:51:46 [notice] 1#1: built by gcc 8.3.0 (Debian 8.3.0-6) 
2021/07/21 13:51:46 [notice] 1#1: OS: Linux 5.8.0-59-generic
2021/07/21 13:51:46 [notice] 1#1: getrlimit(RLIMIT_NOFILE): 1048576:1048576
2021/07/21 13:51:46 [notice] 1#1: start worker processes
2021/07/21 13:51:46 [notice] 1#1: start worker process 22
2021/07/21 13:51:46 [notice] 1#1: start worker process 23
2021/07/21 13:51:46 [notice] 1#1: start worker process 24
2021/07/21 13:51:46 [notice] 1#1: start worker process 25
2021/07/21 13:51:46 [notice] 1#1: start worker process 26
2021/07/21 13:51:46 [notice] 1#1: start worker process 27
2021/07/21 13:51:46 [notice] 1#1: start worker process 28
2021/07/21 13:51:46 [notice] 1#1: start worker process 29
